app/build/intermediates/manifest_merge_blame_file/debug/processDebugMainManifest/manifest-merger-blame-debug-report.txt
1<?xml version="1.0" encoding="utf-8"?>
2<manifest xmlns:android="http://schemas.android.com/apk/res/android"
3    package="site.uoucampus.app"
4    android:versionCode="1"
5    android:versionName="1.0" >
6
7    <uses-sdk
8        android:minSdkVersion="26"
9        android:targetSdkVersion="35" />
10
11    <uses-permission android:name="android.permission.INTERNET" />
11-->src/main/AndroidManifest.xml:4:3-65
11-->src/main/AndroidManifest.xml:4:20-62
12    <uses-permission android:name="android.permission.ACCESS_NETWORK_STATE" />
12-->src/main/AndroidManifest.xml:5:3-77
12-->src/main/AndroidManifest.xml:5:20-74
13    <uses-permission android:name="android.permission.ACCESS_FINE_LOCATION" />
13-->src/main/AndroidManifest.xml:6:3-77
13-->src/main/AndroidManifest.xml:6:20-74
14    <uses-permission android:name="android.permission.ACCESS_COARSE_LOCATION" />
14-->src/main/AndroidManifest.xml:7:3-79
14-->src/main/AndroidManifest.xml:7:20-76
15
16    <permission
16-->[androidx.core:core:1.13.1] AndroidManifest.xml:22:5-24:47
17        android:name="site.uoucampus.app.DYNAMIC_RECEIVER_NOT_EXPORTED_PERMISSION"
17-->[androidx.core:core:1.13.1] AndroidManifest.xml:23:9-81
18        android:protectionLevel="signature" />
18-->[androidx.core:core:1.13.1] AndroidManifest.xml:24:9-44
19
20    <uses-permission android:name="site.uoucampus.app.DYNAMIC_RECEIVER_NOT_EXPORTED_PERMISSION" />
20-->[androidx.core:core:1.13.1] AndroidManifest.xml:26:5-97
20-->[androidx.core:core:1.13.1] AndroidManifest.xml:26:22-94
21
22    <supports-screens
22-->[org.osmdroid:osmdroid-android:6.1.20] AndroidManifest.xml:9:5-12:40
23        android:anyDensity="true"
23-->[org.osmdroid:osmdroid-android:6.1.20] AndroidManifest.xml:10:9-34
24        android:largeScreens="true"
24-->[org.osmdroid:osmdroid-android:6.1.20] AndroidManifest.xml:11:9-36
25        android:normalScreens="true" />
25-->[org.osmdroid:osmdroid-android:6.1.20] AndroidManifest.xml:12:9-37
26
27    <uses-feature
27-->[org.osmdroid:osmdroid-android:6.1.20] AndroidManifest.xml:14:5-16:36
28        android:name="android.hardware.location.network"
28-->[org.osmdroid:osmdroid-android:6.1.20] AndroidManifest.xml:15:9-57
29        android:required="false" />
29-->[org.osmdroid:osmdroid-android:6.1.20] AndroidManifest.xml:16:9-33
30    <uses-feature
30-->[org.osmdroid:osmdroid-android:6.1.20] AndroidManifest.xml:17:5-19:36
31        android:name="android.hardware.location.gps"
31-->[org.osmdroid:osmdroid-android:6.1.20] AndroidManifest.xml:18:9-53
32        android:required="false" />
32-->[org.osmdroid:osmdroid-android:6.1.20] AndroidManifest.xml:19:9-33
33    <uses-feature
33-->[org.osmdroid:osmdroid-android:6.1.20] AndroidManifest.xml:20:5-22:36
34        android:name="android.hardware.telephony"
34-->[org.osmdroid:osmdroid-android:6.1.20] AndroidManifest.xml:21:9-50
35        android:required="false" />
35-->[org.osmdroid:osmdroid-android:6.1.20] AndroidManifest.xml:22:9-33
36    <uses-feature
36-->[org.osmdroid:osmdroid-android:6.1.20] AndroidManifest.xml:23:5-25:36
37        android:name="android.hardware.wifi"
37-->[org.osmdroid:osmdroid-android:6.1.20] AndroidManifest.xml:24:9-45
38        android:required="false" />
38-->[org.osmdroid:osmdroid-android:6.1.20] AndroidManifest.xml:25:9-33
39
40    <application
40-->src/main/AndroidManifest.xml:9:3-24:17
41        android:appComponentFactory="androidx.core.app.CoreComponentFactory"
41-->[androidx.core:core:1.13.1] AndroidManifest.xml:28:18-86
42        android:debuggable="true"
43        android:extractNativeLibs="false"
44        android:icon="@mipmap/ic_launcher"
44-->src/main/AndroidManifest.xml:10:5-39
45        android:label="캠퍼스 길찾기"
45-->src/main/AndroidManifest.xml:11:5-28
46        android:theme="@android:style/Theme.Material.Light.NoActionBar" >
46-->src/main/AndroidManifest.xml:12:5-68
47
48        <!-- 돌려도 새로 만들지 않는다. 고르던 곳과 걷던 길이 그대로 남는다. -->
49        <activity
49-->src/main/AndroidManifest.xml:14:5-23:16
50            android:name="site.uoucampus.app.MainActivity"
50-->src/main/AndroidManifest.xml:15:7-35
51            android:configChanges="orientation|screenSize|screenLayout|smallestScreenSize|keyboardHidden"
51-->src/main/AndroidManifest.xml:16:7-100
52            android:exported="true"
52-->src/main/AndroidManifest.xml:17:7-30
53            android:windowSoftInputMode="adjustResize" >
53-->src/main/AndroidManifest.xml:18:7-49
54            <intent-filter>
54-->src/main/AndroidManifest.xml:19:7-22:23
55                <action android:name="android.intent.action.MAIN" />
55-->src/main/AndroidManifest.xml:20:9-61
55-->src/main/AndroidManifest.xml:20:17-58
56
57                <category android:name="android.intent.category.LAUNCHER" />
57-->src/main/AndroidManifest.xml:21:9-69
57-->src/main/AndroidManifest.xml:21:19-66
58            </intent-filter>
59        </activity>
60
61        <service
61-->[com.google.android.gms:play-services-mlkit-text-recognition-common:19.1.0] AndroidManifest.xml:9:9-15:19
62            android:name="com.google.mlkit.common.internal.MlKitComponentDiscoveryService"
62-->[com.google.android.gms:play-services-mlkit-text-recognition-common:19.1.0] AndroidManifest.xml:10:13-91
63            android:directBootAware="true"
63-->[com.google.mlkit:common:18.11.0] AndroidManifest.xml:17:13-43
64            android:exported="false" >
64-->[com.google.android.gms:play-services-mlkit-text-recognition-common:19.1.0] AndroidManifest.xml:11:13-37
65            <meta-data
65-->[com.google.android.gms:play-services-mlkit-text-recognition-common:19.1.0] AndroidManifest.xml:12:13-14:85
66                android:name="com.google.firebase.components:com.google.mlkit.vision.text.internal.TextRegistrar"
66-->[com.google.android.gms:play-services-mlkit-text-recognition-common:19.1.0] AndroidManifest.xml:13:17-114
67                android:value="com.google.firebase.components.ComponentRegistrar" />
67-->[com.google.android.gms:play-services-mlkit-text-recognition-common:19.1.0] AndroidManifest.xml:14:17-82
68            <meta-data
68-->[com.google.mlkit:vision-common:17.3.0] AndroidManifest.xml:12:13-14:85
69                android:name="com.google.firebase.components:com.google.mlkit.vision.common.internal.VisionCommonRegistrar"
69-->[com.google.mlkit:vision-common:17.3.0] AndroidManifest.xml:13:17-124
70                android:value="com.google.firebase.components.ComponentRegistrar" />
70-->[com.google.mlkit:vision-common:17.3.0] AndroidManifest.xml:14:17-82
71            <meta-data
71-->[com.google.mlkit:common:18.11.0] AndroidManifest.xml:20:13-22:85
72                android:name="com.google.firebase.components:com.google.mlkit.common.internal.CommonComponentRegistrar"
72-->[com.google.mlkit:common:18.11.0] AndroidManifest.xml:21:17-120
73                android:value="com.google.firebase.components.ComponentRegistrar" />
73-->[com.google.mlkit:common:18.11.0] AndroidManifest.xml:22:17-82
74        </service>
75
76        <provider
76-->[com.google.mlkit:common:18.11.0] AndroidManifest.xml:9:9-13:38
77            android:name="com.google.mlkit.common.internal.MlKitInitProvider"
77-->[com.google.mlkit:common:18.11.0] AndroidManifest.xml:10:13-78
78            android:authorities="site.uoucampus.app.mlkitinitprovider"
78-->[com.google.mlkit:common:18.11.0] AndroidManifest.xml:11:13-69
79            android:exported="false"
79-->[com.google.mlkit:common:18.11.0] AndroidManifest.xml:12:13-37
80            android:initOrder="99" />
80-->[com.google.mlkit:common:18.11.0] AndroidManifest.xml:13:13-35
81
82        <activity
82-->[com.google.android.gms:play-services-base:18.5.0] AndroidManifest.xml:5:9-173
83            android:name="com.google.android.gms.common.api.GoogleApiActivity"
83-->[com.google.android.gms:play-services-base:18.5.0] AndroidManifest.xml:5:19-85
84            android:exported="false"
84-->[com.google.android.gms:play-services-base:18.5.0] AndroidManifest.xml:5:146-170
85            android:theme="@android:style/Theme.Translucent.NoTitleBar" />
85-->[com.google.android.gms:play-services-base:18.5.0] AndroidManifest.xml:5:86-145
86
87        <meta-data
87-->[com.google.android.gms:play-services-basement:18.4.0] AndroidManifest.xml:6:9-122
88            android:name="com.google.android.gms.version"
88-->[com.google.android.gms:play-services-basement:18.4.0] AndroidManifest.xml:6:20-65
89            android:value="@integer/google_play_services_version" />
89-->[com.google.android.gms:play-services-basement:18.4.0] AndroidManifest.xml:6:66-119
90
91        <provider
91-->[androidx.emoji2:emoji2:1.3.0] AndroidManifest.xml:24:9-32:20
92            android:name="androidx.startup.InitializationProvider"
92-->[androidx.emoji2:emoji2:1.3.0] AndroidManifest.xml:25:13-67
93            android:authorities="site.uoucampus.app.androidx-startup"
93-->[androidx.emoji2:emoji2:1.3.0] AndroidManifest.xml:26:13-68
94            android:exported="false" >
94-->[androidx.emoji2:emoji2:1.3.0] AndroidManifest.xml:27:13-37
95            <meta-data
95-->[androidx.emoji2:emoji2:1.3.0] AndroidManifest.xml:29:13-31:52
96                android:name="androidx.emoji2.text.EmojiCompatInitializer"
96-->[androidx.emoji2:emoji2:1.3.0] AndroidManifest.xml:30:17-75
97                android:value="androidx.startup" />
97-->[androidx.emoji2:emoji2:1.3.0] AndroidManifest.xml:31:17-49
98            <meta-data
98-->[androidx.lifecycle:lifecycle-process:2.8.3] AndroidManifest.xml:29:13-31:52
99                android:name="androidx.lifecycle.ProcessLifecycleInitializer"
99-->[androidx.lifecycle:lifecycle-process:2.8.3] AndroidManifest.xml:30:17-78
100                android:value="androidx.startup" />
100-->[androidx.lifecycle:lifecycle-process:2.8.3] AndroidManifest.xml:31:17-49
101            <meta-data
101-->[androidx.profileinstaller:profileinstaller:1.3.1] AndroidManifest.xml:29:13-31:52
102                android:name="androidx.profileinstaller.ProfileInstallerInitializer"
102-->[androidx.profileinstaller:profileinstaller:1.3.1] AndroidManifest.xml:30:17-85
103                android:value="androidx.startup" />
103-->[androidx.profileinstaller:profileinstaller:1.3.1] AndroidManifest.xml:31:17-49
104        </provider>
105
106        <service
106-->[com.google.android.datatransport:transport-backend-cct:2.3.3] AndroidManifest.xml:29:9-35:19
107            android:name="com.google.android.datatransport.runtime.backends.TransportBackendDiscovery"
107-->[com.google.android.datatransport:transport-backend-cct:2.3.3] AndroidManifest.xml:30:13-103
108            android:exported="false" >
108-->[com.google.android.datatransport:transport-backend-cct:2.3.3] AndroidManifest.xml:31:13-37
109            <meta-data
109-->[com.google.android.datatransport:transport-backend-cct:2.3.3] AndroidManifest.xml:32:13-34:39
110                android:name="backend:com.google.android.datatransport.cct.CctBackendFactory"
110-->[com.google.android.datatransport:transport-backend-cct:2.3.3] AndroidManifest.xml:33:17-94
111                android:value="cct" />
111-->[com.google.android.datatransport:transport-backend-cct:2.3.3] AndroidManifest.xml:34:17-36
112        </service>
113        <service
113-->[com.google.android.datatransport:transport-runtime:2.2.6] AndroidManifest.xml:26:9-30:19
114            android:name="com.google.android.datatransport.runtime.scheduling.jobscheduling.JobInfoSchedulerService"
114-->[com.google.android.datatransport:transport-runtime:2.2.6] AndroidManifest.xml:27:13-117
115            android:exported="false"
115-->[com.google.android.datatransport:transport-runtime:2.2.6] AndroidManifest.xml:28:13-37
116            android:permission="android.permission.BIND_JOB_SERVICE" >
116-->[com.google.android.datatransport:transport-runtime:2.2.6] AndroidManifest.xml:29:13-69
117        </service>
118
119        <receiver
119-->[com.google.android.datatransport:transport-runtime:2.2.6] AndroidManifest.xml:32:9-34:40
120            android:name="com.google.android.datatransport.runtime.scheduling.jobscheduling.AlarmManagerSchedulerBroadcastReceiver"
120-->[com.google.android.datatransport:transport-runtime:2.2.6] AndroidManifest.xml:33:13-132
121            android:exported="false" />
121-->[com.google.android.datatransport:transport-runtime:2.2.6] AndroidManifest.xml:34:13-37
122        <receiver
122-->[androidx.profileinstaller:profileinstaller:1.3.1] AndroidManifest.xml:34:9-52:20
123            android:name="androidx.profileinstaller.ProfileInstallReceiver"
123-->[androidx.profileinstaller:profileinstaller:1.3.1] AndroidManifest.xml:35:13-76
124            android:directBootAware="false"
124-->[androidx.profileinstaller:profileinstaller:1.3.1] AndroidManifest.xml:36:13-44
125            android:enabled="true"
125-->[androidx.profileinstaller:profileinstaller:1.3.1] AndroidManifest.xml:37:13-35
126            android:exported="true"
126-->[androidx.profileinstaller:profileinstaller:1.3.1] AndroidManifest.xml:38:13-36
127            android:permission="android.permission.DUMP" >
127-->[androidx.profileinstaller:profileinstaller:1.3.1] AndroidManifest.xml:39:13-57
128            <intent-filter>
128-->[androidx.profileinstaller:profileinstaller:1.3.1] AndroidManifest.xml:40:13-42:29
129                <action android:name="androidx.profileinstaller.action.INSTALL_PROFILE" />
129-->[androidx.profileinstaller:profileinstaller:1.3.1] AndroidManifest.xml:41:17-91
129-->[androidx.profileinstaller:profileinstaller:1.3.1] AndroidManifest.xml:41:25-88
130            </intent-filter>
131            <intent-filter>
131-->[androidx.profileinstaller:profileinstaller:1.3.1] AndroidManifest.xml:43:13-45:29
132                <action android:name="androidx.profileinstaller.action.SKIP_FILE" />
132-->[androidx.profileinstaller:profileinstaller:1.3.1] AndroidManifest.xml:44:17-85
132-->[androidx.profileinstaller:profileinstaller:1.3.1] AndroidManifest.xml:44:25-82
133            </intent-filter>
134            <intent-filter>
134-->[androidx.profileinstaller:profileinstaller:1.3.1] AndroidManifest.xml:46:13-48:29
135                <action android:name="androidx.profileinstaller.action.SAVE_PROFILE" />
135-->[androidx.profileinstaller:profileinstaller:1.3.1] AndroidManifest.xml:47:17-88
135-->[androidx.profileinstaller:profileinstaller:1.3.1] AndroidManifest.xml:47:25-85
136            </intent-filter>
137            <intent-filter>
137-->[androidx.profileinstaller:profileinstaller:1.3.1] AndroidManifest.xml:49:13-51:29
138                <action android:name="androidx.profileinstaller.action.BENCHMARK_OPERATION" />
138-->[androidx.profileinstaller:profileinstaller:1.3.1] AndroidManifest.xml:50:17-95
138-->[androidx.profileinstaller:profileinstaller:1.3.1] AndroidManifest.xml:50:25-92
139            </intent-filter>
140        </receiver>
141    </application>
142
143</manifest>